Determining if the pthread_create exist failed with the following output:
Change Dir: /home/slam/LatLonToXY/CMakeFiles/CMakeTmp

Run Build Command:"/usr/bin/make" "cmTC_65f1b/fast"
/usr/bin/make -f CMakeFiles/cmTC_65f1b.dir/build.make CMakeFiles/cmTC_65f1b.dir/build
make[1]: Entering directory '/home/slam/LatLonToXY/CMakeFiles/CMakeTmp'
Building C object CMakeFiles/cmTC_65f1b.dir/CheckSymbolExists.c.o
/usr/bin/cc     -o CMakeFiles/cmTC_65f1b.dir/CheckSymbolExists.c.o   -c /home/slam/LatLonToXY/CMakeFiles/CMakeTmp/CheckSymbolExists.c
Linking C executable cmTC_65f1b
/usr/bin/cmake -E cmake_link_script CMakeFiles/cmTC_65f1b.dir/link.txt --verbose=1
/usr/bin/cc       CMakeFiles/cmTC_65f1b.dir/CheckSymbolExists.c.o  -o cmTC_65f1b -rdynamic 
CMakeFiles/cmTC_65f1b.dir/CheckSymbolExists.c.o: In function `main':
CheckSymbolExists.c:(.text+0x16): undefined reference to `pthread_create'
collect2: error: ld returned 1 exit status
CMakeFiles/cmTC_65f1b.dir/build.make:97: recipe for target 'cmTC_65f1b' failed
make[1]: *** [cmTC_65f1b] Error 1
make[1]: Leaving directory '/home/slam/LatLonToXY/CMakeFiles/CMakeTmp'
Makefile:126: recipe for target 'cmTC_65f1b/fast' failed
make: *** [cmTC_65f1b/fast] Error 2

File /home/slam/LatLonToXY/CMakeFiles/CMakeTmp/CheckSymbolExists.c:
/* */
#include <pthread.h>

int main(int argc, char** argv)
{
  (void)argv;
#ifndef pthread_create
  return ((int*)(&pthread_create))[argc];
#else
  (void)argc;
  return 0;
#endif
}

Determining if the function pthread_create exists in the pthreads failed with the following output:
Change Dir: /home/slam/LatLonToXY/CMakeFiles/CMakeTmp

Run Build Command:"/usr/bin/make" "cmTC_c6c6c/fast"
/usr/bin/make -f CMakeFiles/cmTC_c6c6c.dir/build.make CMakeFiles/cmTC_c6c6c.dir/build
make[1]: Entering directory '/home/slam/LatLonToXY/CMakeFiles/CMakeTmp'
Building C object CMakeFiles/cmTC_c6c6c.dir/CheckFunctionExists.c.o
/usr/bin/cc    -DCHECK_FUNCTION_EXISTS=pthread_create   -o CMakeFiles/cmTC_c6c6c.dir/CheckFunctionExists.c.o   -c /usr/share/cmake-3.5/Modules/CheckFunctionExists.c
Linking C executable cmTC_c6c6c
/usr/bin/cmake -E cmake_link_script CMakeFiles/cmTC_c6c6c.dir/link.txt --verbose=1
/usr/bin/cc   -DCHECK_FUNCTION_EXISTS=pthread_create    CMakeFiles/cmTC_c6c6c.dir/CheckFunctionExists.c.o  -o cmTC_c6c6c -rdynamic -lpthreads 
/usr/bin/ld: cannot find -lpthreads
collect2: error: ld returned 1 exit status
CMakeFiles/cmTC_c6c6c.dir/build.make:97: recipe for target 'cmTC_c6c6c' failed
make[1]: *** [cmTC_c6c6c] Error 1
make[1]: Leaving directory '/home/slam/LatLonToXY/CMakeFiles/CMakeTmp'
Makefile:126: recipe for target 'cmTC_c6c6c/fast' failed
make: *** [cmTC_c6c6c/fast] Error 2


